{
  "stats": {
    "suites": 1,
    "tests": 5,
    "passes": 4,
    "pending": 0,
    "failures": 1,
    "start": "2022-02-04T06:39:39.663Z",
    "end": "2022-02-04T06:39:47.008Z",
    "duration": 7345,
    "testsRegistered": 5,
    "passPercent": 80,
    "pendingPercent": 0,
    "other": 0,
    "hasOther": false,
    "skipped": 0,
    "hasSkipped": false
  },
  "results": [
    {
      "uuid": "155047a6-7712-4673-9b70-8b6031a567ce",
      "title": "",
      "fullFile": "cypress/test/apitest/SpacesAPI.js",
      "file": "cypress/test/apitest/SpacesAPI.js",
      "beforeHooks": [],
      "afterHooks": [],
      "tests": [],
      "suites": [
        {
          "uuid": "f63a7fe9-f8c5-4db7-bfcd-e842e7de420d",
          "title": "Location Spaces API Test",
          "fullFile": "",
          "file": "",
          "beforeHooks": [],
          "afterHooks": [],
          "tests": [
            {
              "title": "Create Space Without Auth",
              "fullTitle": "Location Spaces API Test Create Space Without Auth",
              "timedOut": null,
              "duration": 1136,
              "state": "failed",
              "speed": null,
              "pass": false,
              "fail": true,
              "pending": false,
              "context": null,
              "code": "var title = \"Anjali First Space\";\nvar description = \"Anjali First Space as test data\";\ncy.request({\n  method: 'POST',\n  url: '/hub/spaces',\n  body: {\n    \"title\": title,\n    \"description\": description\n  },\n  failOnStatusCode: false\n}).then(function (spaceResponse) {\n  expect(spaceResponse.status).to.eq(401);\n});",
              "err": {
                "message": "AssertionError: expected 400 to equal 401",
                "estack": "AssertionError: expected 400 to equal 401\n    at Context.eval (https://xyz.api.here.com/__cypress/tests?p=cypress\\test\\apitest\\SpacesAPI.js:18:39)",
                "diff": "- 400\n+ 401\n"
              },
              "uuid": "15124960-7269-43bf-aee5-4f3576fa97dd",
              "parentUUID": "f63a7fe9-f8c5-4db7-bfcd-e842e7de420d",
              "isHook": false,
              "skipped": false
            },
            {
              "title": "Create Space with Invalid Auth",
              "fullTitle": "Location Spaces API Test Create Space with Invalid Auth",
              "timedOut": null,
              "duration": 799,
              "state": "passed",
              "speed": "fast",
              "pass": true,
              "fail": false,
              "pending": false,
              "context": null,
              "code": "var title = \"Anjali First Space\";\nvar description = \"Anjali First Space as test data\";\ncy.request({\n  method: 'POST',\n  url: '/hub/spaces',\n  auth: {\n    'bearer': 'WrongToken'\n  },\n  body: {\n    \"title\": title,\n    \"description\": description\n  },\n  failOnStatusCode: false\n}).then(function (spaceResponse) {\n  expect(spaceResponse.status).to.eq(401);\n  expect(spaceResponse.body).to.have.property('errorMessage', \"Unauthorized\");\n});",
              "err": {},
              "uuid": "4eccd396-751b-4b0e-84ed-72d10c7eb8ae",
              "parentUUID": "f63a7fe9-f8c5-4db7-bfcd-e842e7de420d",
              "isHook": false,
              "skipped": false
            },
            {
              "title": "Create Space with valid inputs",
              "fullTitle": "Location Spaces API Test Create Space with valid inputs",
              "timedOut": null,
              "duration": 3514,
              "state": "passed",
              "speed": "fast",
              "pass": true,
              "fail": false,
              "pending": false,
              "context": null,
              "code": "var title = \"Anjali First Space\";\nvar description = \"Anjali First Space as test data\";\ncy.request({\n  method: 'POST',\n  url: '/hub/spaces',\n  auth: {\n    'bearer': Cypress.config('token')\n  },\n  body: {\n    \"title\": title,\n    \"description\": description\n  }\n}).then(function (spaceResponse) {\n  createdSpaceId = spaceResponse.body.id;\n  expect(spaceResponse.status).to.eq(200);\n  expect(spaceResponse.body).property('id').to.not.be.oneOf([null, \"\"]);\n  expect(spaceResponse.body).to.have.property('title', title);\n  expect(spaceResponse.body).to.have.property('description', description);\n});",
              "err": {},
              "uuid": "13587ffd-fece-4da4-b7e5-06f9229dea03",
              "parentUUID": "f63a7fe9-f8c5-4db7-bfcd-e842e7de420d",
              "isHook": false,
              "skipped": false
            },
            {
              "title": "Modify Space",
              "fullTitle": "Location Spaces API Test Modify Space",
              "timedOut": null,
              "duration": 762,
              "state": "passed",
              "speed": "fast",
              "pass": true,
              "fail": false,
              "pending": false,
              "context": null,
              "code": "var title = \"Anjali Modified First Space\";\nvar description = \"Anjali First Space as test data\";\ncy.request({\n  method: 'PATCH',\n  url: '/hub/spaces/' + createdSpaceId,\n  auth: {\n    'bearer': Cypress.config('token')\n  },\n  body: {\n    \"title\": title\n  }\n}).then(function (spaceResponse) {\n  expect(spaceResponse.status).to.eq(200);\n  expect(spaceResponse.body).property('id').to.eq(createdSpaceId);\n  expect(spaceResponse.body).to.have.property('title', title);\n  expect(spaceResponse.body).to.have.property('description', description);\n});",
              "err": {},
              "uuid": "7ea3e490-f33a-4856-b1cb-217b3c21b174",
              "parentUUID": "f63a7fe9-f8c5-4db7-bfcd-e842e7de420d",
              "isHook": false,
              "skipped": false
            },
            {
              "title": "Delete Space",
              "fullTitle": "Location Spaces API Test Delete Space",
              "timedOut": null,
              "duration": 871,
              "state": "passed",
              "speed": "fast",
              "pass": true,
              "fail": false,
              "pending": false,
              "context": null,
              "code": "var title = \"Anjali Modified First Space\";\nvar description = \"Anjali First Space as test data\";\ncy.request({\n  method: 'DELETE',\n  url: '/hub/spaces/' + createdSpaceId,\n  auth: {\n    'bearer': Cypress.config('token')\n  }\n}).then(function (spaceResponse) {\n  expect(spaceResponse.status).to.eq(204);\n  createdSpaceId = 0;\n});",
              "err": {},
              "uuid": "cfa3f3d1-2571-44ce-a12d-d6d68038d8c6",
              "parentUUID": "f63a7fe9-f8c5-4db7-bfcd-e842e7de420d",
              "isHook": false,
              "skipped": false
            }
          ],
          "suites": [],
          "passes": [
            "4eccd396-751b-4b0e-84ed-72d10c7eb8ae",
            "13587ffd-fece-4da4-b7e5-06f9229dea03",
            "7ea3e490-f33a-4856-b1cb-217b3c21b174",
            "cfa3f3d1-2571-44ce-a12d-d6d68038d8c6"
          ],
          "failures": [
            "15124960-7269-43bf-aee5-4f3576fa97dd"
          ],
          "pending": [],
          "skipped": [],
          "duration": 7082,
          "root": false,
          "rootEmpty": false,
          "_timeout": 2000
        }
      ],
      "passes": [],
      "failures": [],
      "pending": [],
      "skipped": [],
      "duration": 0,
      "root": true,
      "rootEmpty": true,
      "_timeout": 2000
    }
  ],
  "meta": {
    "mocha": {
      "version": "7.0.1"
    },
    "mochawesome": {
      "options": {
        "quiet": false,
        "reportFilename": "report",
        "saveHtml": false,
        "saveJson": true,
        "consoleReporter": "spec",
        "useInlineDiffs": false,
        "code": true
      },
      "version": "7.0.1"
    },
    "marge": {
      "options": {
        "reportDir": "cypress/Reports/APIReports/mocha",
        "reportFilename": "report",
        "overwrite": false,
        "charts": true,
        "html": false,
        "json": true
      },
      "version": "6.0.1"
    }
  }
}