{
  "stats": {
    "suites": 1,
    "tests": 5,
    "passes": 4,
    "pending": 0,
    "failures": 1,
    "start": "2022-02-03T17:07:49.166Z",
    "end": "2022-02-03T17:07:56.964Z",
    "duration": 7798,
    "testsRegistered": 5,
    "passPercent": 80,
    "pendingPercent": 0,
    "other": 0,
    "hasOther": false,
    "skipped": 0,
    "hasSkipped": false
  },
  "results": [
    {
      "uuid": "17c2371b-d2a3-4b33-beb6-861c79e8d081",
      "title": "",
      "fullFile": "cypress/test/apitest/SpacesAPI.js",
      "file": "cypress/test/apitest/SpacesAPI.js",
      "beforeHooks": [],
      "afterHooks": [],
      "tests": [],
      "suites": [
        {
          "uuid": "2aa8c6ef-a1d4-457e-acda-7deeb0bd498f",
          "title": "Location Spaces API Test",
          "fullFile": "",
          "file": "",
          "beforeHooks": [],
          "afterHooks": [],
          "tests": [
            {
              "title": "Create Space Without Auth",
              "fullTitle": "Location Spaces API Test Create Space Without Auth",
              "timedOut": null,
              "duration": 1414,
              "state": "failed",
              "speed": null,
              "pass": false,
              "fail": true,
              "pending": false,
              "context": null,
              "code": "var title = \"Anjali First Space\";\nvar description = \"Anjali First Space as test data\";\ncy.request({\n  method: 'POST',\n  url: '/hub/spaces',\n  body: {\n    \"title\": title,\n    \"description\": description\n  },\n  failOnStatusCode: false\n}).then(function (spaceResponse) {\n  expect(spaceResponse.status).to.eq(401);\n});",
              "err": {
                "message": "AssertionError: expected 400 to equal 401",
                "estack": "AssertionError: expected 400 to equal 401\n    at Context.eval (https://xyz.api.here.com/__cypress/tests?p=cypress\\test\\apitest\\SpacesAPI.js:18:39)",
                "diff": "- 400\n+ 401\n"
              },
              "uuid": "0ded6255-6023-4f94-afff-2c077d5d0ea8",
              "parentUUID": "2aa8c6ef-a1d4-457e-acda-7deeb0bd498f",
              "isHook": false,
              "skipped": false
            },
            {
              "title": "Create Space with Invalid Auth",
              "fullTitle": "Location Spaces API Test Create Space with Invalid Auth",
              "timedOut": null,
              "duration": 896,
              "state": "passed",
              "speed": "fast",
              "pass": true,
              "fail": false,
              "pending": false,
              "context": null,
              "code": "var title = \"Anjali First Space\";\nvar description = \"Anjali First Space as test data\";\ncy.request({\n  method: 'POST',\n  url: '/hub/spaces',\n  auth: {\n    'bearer': 'WrongToken'\n  },\n  body: {\n    \"title\": title,\n    \"description\": description\n  },\n  failOnStatusCode: false\n}).then(function (spaceResponse) {\n  expect(spaceResponse.status).to.eq(401);\n  expect(spaceResponse.body).to.have.property('errorMessage', \"Unauthorized\");\n});",
              "err": {},
              "uuid": "97cd6b09-b0eb-453f-bb44-5e1c72785fb6",
              "parentUUID": "2aa8c6ef-a1d4-457e-acda-7deeb0bd498f",
              "isHook": false,
              "skipped": false
            },
            {
              "title": "Create Space with valid inputs",
              "fullTitle": "Location Spaces API Test Create Space with valid inputs",
              "timedOut": null,
              "duration": 3634,
              "state": "passed",
              "speed": "fast",
              "pass": true,
              "fail": false,
              "pending": false,
              "context": null,
              "code": "var title = \"Anjali First Space\";\nvar description = \"Anjali First Space as test data\";\ncy.request({\n  method: 'POST',\n  url: '/hub/spaces',\n  auth: {\n    'bearer': Cypress.config('token')\n  },\n  body: {\n    \"title\": title,\n    \"description\": description\n  }\n}).then(function (spaceResponse) {\n  createdSpaceId = spaceResponse.body.id;\n  expect(spaceResponse.status).to.eq(200);\n  expect(spaceResponse.body).property('id').to.not.be.oneOf([null, \"\"]);\n  expect(spaceResponse.body).to.have.property('title', title);\n  expect(spaceResponse.body).to.have.property('description', description);\n});",
              "err": {},
              "uuid": "b97a0b46-cc79-40c3-af23-1a824cd5e130",
              "parentUUID": "2aa8c6ef-a1d4-457e-acda-7deeb0bd498f",
              "isHook": false,
              "skipped": false
            },
            {
              "title": "Modify Space",
              "fullTitle": "Location Spaces API Test Modify Space",
              "timedOut": null,
              "duration": 1072,
              "state": "passed",
              "speed": "fast",
              "pass": true,
              "fail": false,
              "pending": false,
              "context": null,
              "code": "var title = \"Anjali Modified First Space\";\nvar description = \"Anjali First Space as test data\";\ncy.request({\n  method: 'PATCH',\n  url: '/hub/spaces/' + createdSpaceId,\n  auth: {\n    'bearer': Cypress.config('token')\n  },\n  body: {\n    \"title\": title\n  }\n}).then(function (spaceResponse) {\n  expect(spaceResponse.status).to.eq(200);\n  expect(spaceResponse.body).property('id').to.eq(createdSpaceId);\n  expect(spaceResponse.body).to.have.property('title', title);\n  expect(spaceResponse.body).to.have.property('description', description);\n});",
              "err": {},
              "uuid": "5cfc93f5-09b2-403b-9434-a794975ffdbf",
              "parentUUID": "2aa8c6ef-a1d4-457e-acda-7deeb0bd498f",
              "isHook": false,
              "skipped": false
            },
            {
              "title": "Delete Space",
              "fullTitle": "Location Spaces API Test Delete Space",
              "timedOut": null,
              "duration": 505,
              "state": "passed",
              "speed": "fast",
              "pass": true,
              "fail": false,
              "pending": false,
              "context": null,
              "code": "var title = \"Anjali Modified First Space\";\nvar description = \"Anjali First Space as test data\";\ncy.request({\n  method: 'DELETE',\n  url: '/hub/spaces/' + createdSpaceId,\n  auth: {\n    'bearer': Cypress.config('token')\n  }\n}).then(function (spaceResponse) {\n  expect(spaceResponse.status).to.eq(204);\n  createdSpaceId = 0;\n});",
              "err": {},
              "uuid": "0f055698-b130-49a0-a850-eab1baf2c153",
              "parentUUID": "2aa8c6ef-a1d4-457e-acda-7deeb0bd498f",
              "isHook": false,
              "skipped": false
            }
          ],
          "suites": [],
          "passes": [
            "97cd6b09-b0eb-453f-bb44-5e1c72785fb6",
            "b97a0b46-cc79-40c3-af23-1a824cd5e130",
            "5cfc93f5-09b2-403b-9434-a794975ffdbf",
            "0f055698-b130-49a0-a850-eab1baf2c153"
          ],
          "failures": [
            "0ded6255-6023-4f94-afff-2c077d5d0ea8"
          ],
          "pending": [],
          "skipped": [],
          "duration": 7521,
          "root": false,
          "rootEmpty": false,
          "_timeout": 2000
        }
      ],
      "passes": [],
      "failures": [],
      "pending": [],
      "skipped": [],
      "duration": 0,
      "root": true,
      "rootEmpty": true,
      "_timeout": 2000
    }
  ],
  "meta": {
    "mocha": {
      "version": "7.0.1"
    },
    "mochawesome": {
      "options": {
        "quiet": false,
        "reportFilename": "report",
        "saveHtml": false,
        "saveJson": true,
        "consoleReporter": "spec",
        "useInlineDiffs": false,
        "code": true
      },
      "version": "7.0.1"
    },
    "marge": {
      "options": {
        "reportDir": "cypress/Reports/APIReports/mocha",
        "reportFilename": "report",
        "overwrite": false,
        "charts": true,
        "html": false,
        "json": true,
        "autoOpen": true
      },
      "version": "6.0.1"
    }
  }
}